Using pre-set license
Built from '2020.3/staging' branch; Version is '2020.3.16f1 (049d6eca3c44) revision 302446'; Using compiler version '192528614'; Build Type 'Release'
OS: 'Windows 10 Home Single Language; OS build 19043.1237; Version 2009; 64bit' Language: 'es' Physical Memory: 12171 MB
BatchMode: 1, IsHumanControllingUs: 0, StartBugReporterOnCrash: 0, Is64bit: 1, IsPro: 0

 COMMAND LINE ARGUMENTS:
C:\Program Files\Unity\Hub\Editor\2020.3.16f1\Editor\Unity.exe
-adb2
-batchMode
-noUpm
-name
AssetImportWorker0
-projectPath
F:/UPN/2021-2/Videojuegos y Aplicaciones M贸viles/Proyectos en Git Hub/Semana 08/Examen_04_T2/Examen_04_T2_Videoj
-logFile
Logs/AssetImportWorker0.log
-srvPort
62814
Successfully changed project path to: F:/UPN/2021-2/Videojuegos y Aplicaciones M贸viles/Proyectos en Git Hub/Semana 08/Examen_04_T2/Examen_04_T2_Videoj
F:/UPN/2021-2/Videojuegos y Aplicaciones M贸viles/Proyectos en Git Hub/Semana 08/Examen_04_T2/Examen_04_T2_Videoj
Using Asset Import Pipeline V2.
Refreshing native plugins compatible for Editor in 46.60 ms, found 3 plugins.
Preloading 0 native plugins for Editor in 0.00 ms.
Initialize engine version: 2020.3.16f1 (049d6eca3c44)
[Subsystems] Discovering subsystems at path C:/Program Files/Unity/Hub/Editor/2020.3.16f1/Editor/Data/Resources/UnitySubsystems
[Subsystems] Discovering subsystems at path F:/UPN/2021-2/Videojuegos y Aplicaciones M贸viles/Proyectos en Git Hub/Semana 08/Examen_04_T2/Examen_04_T2_Videoj/Assets
GfxDevice: creating device client; threaded=0
Direct3D:
    Version:  Direct3D 11.0 [level 11.1]
    Renderer: NVIDIA GeForce GTX 1050 (ID=0x1c8d)
    Vendor:   
    VRAM:     4029 MB
    Driver:   23.21.13.8816
Initialize mono
Mono path[0] = 'C:/Program Files/Unity/Hub/Editor/2020.3.16f1/Editor/Data/Managed'
Mono path[1] = 'C:/Program Files/Unity/Hub/Editor/2020.3.16f1/Editor/Data/MonoBleedingEdge/lib/mono/unityjit'
Mono config path = 'C:/Program Files/Unity/Hub/Editor/2020.3.16f1/Editor/Data/MonoBleedingEdge/etc'
Using monoOptions --debugger-agent=transport=dt_socket,embedding=1,server=y,suspend=n,address=127.0.0.1:56064
Begin MonoManager ReloadAssembly
Registering precompiled unity dll's ...
Register platform support module: C:/Program Files/Unity/Hub/Editor/2020.3.16f1/Editor/Data/PlaybackEngines/WindowsStandaloneSupport/UnityEditor.WindowsStandalone.Extensions.dll
Registered in 0.002280 seconds.
Native extension for WindowsStandalone target not found
Refreshing native plugins compatible for Editor in 43.41 ms, found 3 plugins.
Preloading 0 native plugins for Editor in 0.00 ms.
Mono: successfully reloaded assembly
- Completed reload, in  1.903 seconds
Domain Reload Profiling:
	ReloadAssembly (1903ms)
		BeginReloadAssembly (62ms)
			ExecutionOrderSort (0ms)
			DisableScriptedObjects (0ms)
			BackupInstance (0ms)
			ReleaseScriptingObjects (0ms)
			CreateAndSetChildDomain (1ms)
		EndReloadAssembly (450ms)
			LoadAssemblies (60ms)
			RebuildTransferFunctionScriptingTraits (0ms)
			SetupTypeCache (163ms)
			ReleaseScriptCaches (0ms)
			RebuildScriptCaches (35ms)
			SetupLoadedEditorAssemblies (173ms)
				LogAssemblyErrors (0ms)
				InitializePlatformSupportModulesInManaged (4ms)
				SetLoadedEditorAssemblies (0ms)
				RefreshPlugins (43ms)
				BeforeProcessingInitializeOnLoad (14ms)
				ProcessInitializeOnLoadAttributes (81ms)
				ProcessInitializeOnLoadMethodAttributes (30ms)
				AfterProcessingInitializeOnLoad (0ms)
				EditorAssembliesLoaded (0ms)
			ExecutionOrderSort2 (0ms)
			AwakeInstancesAfterBackupRestoration (0ms)
Platform modules already initialized, skipping
Registering precompiled user dll's ...
Registered in 0.003250 seconds.
Begin MonoManager ReloadAssembly
Native extension for WindowsStandalone target not found
Refreshing native plugins compatible for Editor in 42.32 ms, found 3 plugins.
Preloading 0 native plugins for Editor in 0.00 ms.
Mono: successfully reloaded assembly
- Completed reload, in  1.349 seconds
Domain Reload Profiling:
	ReloadAssembly (1350ms)
		BeginReloadAssembly (170ms)
			ExecutionOrderSort (0ms)
			DisableScriptedObjects (5ms)
			BackupInstance (0ms)
			ReleaseScriptingObjects (0ms)
			CreateAndSetChildDomain (22ms)
		EndReloadAssembly (1111ms)
			LoadAssemblies (98ms)
			RebuildTransferFunctionScriptingTraits (0ms)
			SetupTypeCache (312ms)
			ReleaseScriptCaches (0ms)
			RebuildScriptCaches (49ms)
			SetupLoadedEditorAssemblies (518ms)
				LogAssemblyErrors (0ms)
				InitializePlatformSupportModulesInManaged (4ms)
				SetLoadedEditorAssemblies (0ms)
				RefreshPlugins (42ms)
				BeforeProcessingInitializeOnLoad (83ms)
				ProcessInitializeOnLoadAttributes (361ms)
				ProcessInitializeOnLoadMethodAttributes (18ms)
				AfterProcessingInitializeOnLoad (9ms)
				EditorAssembliesLoaded (0ms)
			ExecutionOrderSort2 (0ms)
			AwakeInstancesAfterBackupRestoration (12ms)
Platform modules already initialized, skipping
========================================================================
Worker process is ready to serve import requests
Launched and connected shader compiler UnityShaderCompiler.exe after 0.12 seconds
Refreshing native plugins compatible for Editor in 0.45 ms, found 3 plugins.
Preloading 0 native plugins for Editor in 0.00 ms.
Unloading 2091 Unused Serialized files (Serialized files now loaded: 0)
System memory in use before: 93.9 MB.
System memory in use after: 94.0 MB.

Unloading 28 unused Assets to reduce memory usage. Loaded Objects now: 2528.
Total: 3.611100 ms (FindLiveObjects: 0.290400 ms CreateObjectMapping: 0.085500 ms MarkObjects: 3.145700 ms  DeleteObjects: 0.088200 ms)

AssetImportParameters requested are different than current active one (requested -> active):
  custom:framework-win-MediaFoundation: 216162199b28c13a410421893ffa2e32 -> 
  custom:video-decoder-ogg-theora: a1e56fd34408186e4bbccfd4996cb3dc -> 
  custom:container-muxer-webm: aa71ff27fc2769a1b78a27578f13a17b -> 
  custom:container-demuxer-webm: 4f35f7cbe854078d1ac9338744f61a02 -> 
  custom:container-demuxer-ogg: 62fdf1f143b41e24485cea50d1cbac27 -> 
  custom:video-encoder-webm-vp8: eb34c28f22e8b96e1ab97ce403110664 -> 
  custom:video-decoder-webm-vp8: 9c59270c3fd7afecdb556c50c9e8de78 -> 
  custom:audio-decoder-ogg-vorbis: bf7c407c2cedff20999df2af8eb42d56 -> 
  custom:audio-encoder-webm-vorbis: bf7c407c2cedff20999df2af8eb42d56 -> 
========================================================================
Received Import Request.
  path: Assets
  artifactKey: Guid(00000000000000001000000000000000) Importer(815301076,1909f56bfc062723c751e8b465ee728b)
Start importing Assets using Guid(00000000000000001000000000000000) Importer(815301076,1909f56bfc062723c751e8b465ee728b)  -> (artifact id: '42d402b061de3733987d63b9cc3b64de') in 0.014162 seconds 
  Import took 0.034570 seconds .

========================================================================
Received Import Request.
  Time since last request: 1.893620 seconds.
  path: Assets/Sprites
  artifactKey: Guid(7694b844afb01bc44be9c92c977e7e3b) Importer(815301076,1909f56bfc062723c751e8b465ee728b)
Start importing Assets/Sprites using Guid(7694b844afb01bc44be9c92c977e7e3b) Importer(815301076,1909f56bfc062723c751e8b465ee728b)  -> (artifact id: '8ad251fc1119badf5be52dff70888cd5') in 0.011248 seconds 
  Import took 0.039130 seconds .

========================================================================
Received Import Request.
  Time since last request: 5.110148 seconds.
  path: Assets/Scripts
  artifactKey: Guid(8597aef6dfc0a704e9fd06cd898cea11) Importer(815301076,1909f56bfc062723c751e8b465ee728b)
Start importing Assets/Scripts using Guid(8597aef6dfc0a704e9fd06cd898cea11) Importer(815301076,1909f56bfc062723c751e8b465ee728b)  -> (artifact id: 'a1b3e98291530a31eaca3d6bf3ddebe8') in 0.014378 seconds 
  Import took 0.033345 seconds .

========================================================================
Received Import Request.
  Time since last request: 6.586421 seconds.
  path: Assets/Animations
  artifactKey: Guid(22ec2cba9d352444d9e166f9cdcc6ba3) Importer(815301076,1909f56bfc062723c751e8b465ee728b)
Start importing Assets/Animations using Guid(22ec2cba9d352444d9e166f9cdcc6ba3) Importer(815301076,1909f56bfc062723c751e8b465ee728b)  -> (artifact id: 'd7fd5bc7517d142f33fea1fa52a508ac') in 0.011253 seconds 
  Import took 0.044982 seconds .

========================================================================
Received Import Request.
  Time since last request: 9.427682 seconds.
  path: Assets/Game Objects
  artifactKey: Guid(8856edcb8f2d22c4f934b32bb2ee5e94) Importer(815301076,1909f56bfc062723c751e8b465ee728b)
Start importing Assets/Game Objects using Guid(8856edcb8f2d22c4f934b32bb2ee5e94) Importer(815301076,1909f56bfc062723c751e8b465ee728b)  -> (artifact id: 'ee113c8a6a3c8c328bc64790189ced48') in 0.009356 seconds 
  Import took 0.013529 seconds .

========================================================================
Received Import Request.
  Time since last request: 13.817179 seconds.
  path: Assets/Sound Effects
  artifactKey: Guid(7410529fdd653e34d8146f9a4b528a97) Importer(815301076,1909f56bfc062723c751e8b465ee728b)
Start importing Assets/Sound Effects using Guid(7410529fdd653e34d8146f9a4b528a97) Importer(815301076,1909f56bfc062723c751e8b465ee728b)  -> (artifact id: '0432dcb61bf8bb5d2d3639bf76e13cb3') in 0.011420 seconds 
  Import took 0.016854 seconds .

